<?xml version="1.0" encoding="UTF-8"?>
<!-- Generated by org.testng.reporters.JUnitReportReporter -->
<testsuite hostname="L076-Parmar" failures="0" tests="2" name="basic.testcase.SampleLoggingGenerator" time="0.174" errors="0" timestamp="2023-09-04T17:10:46 IST" skipped="0">
  <testcase classname="basic.testcase.SampleLoggingGenerator" name="REST_TEST01" time="0.152"/>
  <testcase classname="basic.testcase.SampleLoggingGenerator" name="REST_TEST02" time="0.022"/>
</testsuite> <!-- basic.testcase.SampleLoggingGenerator -->
